<?xml version="1.0" encoding="UTF-8"?>
<testsuite name="game.BoardTest" tests="6" skipped="0" failures="0" errors="0" timestamp="2014-11-02T17:43:45" hostname="Kristinns-MacBook-Air.local" time="0.034">
  <properties/>
  <testcase name="testPlaceMark" classname="game.BoardTest" time="0.004"/>
  <testcase name="testWin" classname="game.BoardTest" time="0.0"/>
  <testcase name="testToString" classname="game.BoardTest" time="0.027"/>
  <testcase name="testGetMark" classname="game.BoardTest" time="0.0"/>
  <testcase name="testIsFull" classname="game.BoardTest" time="0.001"/>
  <testcase name="testCanPlaceMark" classname="game.BoardTest" time="0.0"/>
  <system-out><![CDATA[
 | | 
-----
 | | 
-----
 | | 
]]></system-out>
  <system-err><![CDATA[]]></system-err>
</testsuite>
