<?xml version="1.0" encoding="UTF-8"?>
<testsuite name="game.PlayerTest" tests="2" skipped="0" failures="0" errors="0" timestamp="2014-11-02T17:43:45" hostname="Kristinns-MacBook-Air.local" time="0.001">
  <properties/>
  <testcase name="testGetMark" classname="game.PlayerTest" time="0.001"/>
  <testcase name="testGetMove" classname="game.PlayerTest" time="0.0"/>
  <system-out><![CDATA[]]></system-out>
  <system-err><![CDATA[]]></system-err>
</testsuite>
